<?xml version="1.0" encoding="UTF-8"?>
<!-- Generated by org.testng.reporters.JUnitReportReporter -->
<testsuite hostname="Revathi" failures="0" tests="1" name="testBase.TC001_AccountRegistrationTest" time="3.245" errors="0" timestamp="2024-09-25T11:46:09 CEST" skipped="0">
  <testcase classname="testBase.TC001_AccountRegistrationTest" name="verify_account_registration" time="3.245"/>
</testsuite> <!-- testBase.TC001_AccountRegistrationTest -->
