<?xml version="1.0" encoding="UTF-8"?>
<!-- Generated by org.testng.reporters.JUnitReportReporter -->
<testsuite hostname="Revathi" failures="0" tests="2" name="testCases.TC001_AccountRegistrationTest" time="7.035" errors="0" timestamp="2024-09-26T15:33:25 CEST" skipped="0">
  <testcase classname="testCases.TC001_AccountRegistrationTest" name="verify_account_registration" time="3.316"/>
  <testcase classname="testCases.TC001_AccountRegistrationTest" name="verify_account_registration" time="3.719"/>
</testsuite> <!-- testCases.TC001_AccountRegistrationTest -->
