<?xml version="1.0" encoding="UTF-8"?>
<!-- Generated by org.testng.reporters.JUnitReportReporter -->
<testsuite hostname="Revathi" failures="0" tests="2" name="testCases.TC002_LoginTest" time="4.430" errors="0" timestamp="2024-09-26T15:33:25 CEST" skipped="0">
  <testcase classname="testCases.TC002_LoginTest" name="verify_login" time="2.310"/>
  <testcase classname="testCases.TC002_LoginTest" name="verify_login" time="2.120"/>
</testsuite> <!-- testCases.TC002_LoginTest -->
