<?xml version="1.0" encoding="UTF-8"?>
<!-- Generated by org.testng.reporters.JUnitReportReporter -->
<testsuite hostname="Revathi" failures="0" tests="1" name="testCases.TC004_ProductCart_E2ETest" time="5.994" errors="0" timestamp="2024-10-05T23:41:30 CEST" skipped="0">
  <testcase classname="testCases.TC004_ProductCart_E2ETest" name="validateAddingProductToCart" time="5.994"/>
</testsuite> <!-- testCases.TC004_ProductCart_E2ETest -->
