<?xml version="1.0" encoding="UTF-8"?>
<!-- Generated by org.testng.reporters.JUnitReportReporter -->
<testsuite hostname="Revathi" failures="0" tests="5" name="testCases.TC003_LoginDDT" time="39.464" errors="0" timestamp="2024-09-26T10:18:16 CEST" skipped="0">
  <testcase classname="testCases.TC003_LoginDDT" name="verify_login" time="3.065"/>
  <testcase classname="testCases.TC003_LoginDDT" name="verify_login" time="2.423"/>
  <testcase classname="testCases.TC003_LoginDDT" name="verify_login" time="11.276"/>
  <testcase classname="testCases.TC003_LoginDDT" name="verify_login" time="11.287"/>
  <testcase classname="testCases.TC003_LoginDDT" name="verify_login" time="11.413"/>
</testsuite> <!-- testCases.TC003_LoginDDT -->
