<?xml version="1.0" encoding="UTF-8"?>
<!-- Generated by org.testng.reporters.JUnitReportReporter -->
<testsuite hostname="Revathi" failures="0" tests="5" name="testCases.TC003_LoginDDT" time="41.437" errors="0" timestamp="2024-10-01T14:20:22 CEST" skipped="0">
  <testcase classname="testCases.TC003_LoginDDT" name="verify_login" time="5.020"/>
  <testcase classname="testCases.TC003_LoginDDT" name="verify_login" time="11.408"/>
  <testcase classname="testCases.TC003_LoginDDT" name="verify_login" time="11.217"/>
  <testcase classname="testCases.TC003_LoginDDT" name="verify_login" time="2.536"/>
  <testcase classname="testCases.TC003_LoginDDT" name="verify_login" time="11.256"/>
</testsuite> <!-- testCases.TC003_LoginDDT -->
