<?xml version="1.0" encoding="UTF-8"?>
<!-- Generated by org.testng.reporters.JUnitReportReporter -->
<testsuite hostname="Revathi" failures="0" tests="1" name="testCases.TC002_LoginTest" time="1.992" errors="0" timestamp="2024-10-01T14:20:22 CEST" skipped="0">
  <testcase classname="testCases.TC002_LoginTest" name="verify_login" time="1.992"/>
</testsuite> <!-- testCases.TC002_LoginTest -->
