<?xml version="1.0" encoding="UTF-8"?>
<!-- Generated by org.testng.reporters.JUnitReportReporter -->
<testsuite hostname="Revathi" failures="0" tests="1" name="testCases.TC001_AccountRegistrationTest" time="2.736" errors="0" timestamp="2024-10-01T14:20:22 CEST" skipped="0">
  <testcase classname="testCases.TC001_AccountRegistrationTest" name="verify_account_registration" time="2.736"/>
</testsuite> <!-- testCases.TC001_AccountRegistrationTest -->
