<?xml version="1.0" encoding="UTF-8"?>
<!-- Generated by org.testng.reporters.JUnitReportReporter -->
<testsuite hostname="Revathi" failures="0" tests="1" name="testCases.TC002_LoginTest" time="1.772" errors="0" timestamp="2024-09-27T11:23:56 CEST" skipped="0">
  <testcase classname="testCases.TC002_LoginTest" name="verify_login" time="1.772"/>
</testsuite> <!-- testCases.TC002_LoginTest -->
