<?xml version="1.0" encoding="UTF-8"?>
<!-- Generated by org.testng.reporters.JUnitReportReporter -->
<testsuite hostname="Revathi" failures="0" tests="5" name="testCases.TC003_LoginDDT" time="40.072" errors="0" timestamp="2024-09-27T11:23:56 CEST" skipped="0">
  <testcase classname="testCases.TC003_LoginDDT" name="verify_login" time="3.283"/>
  <testcase classname="testCases.TC003_LoginDDT" name="verify_login" time="11.609"/>
  <testcase classname="testCases.TC003_LoginDDT" name="verify_login" time="11.452"/>
  <testcase classname="testCases.TC003_LoginDDT" name="verify_login" time="2.490"/>
  <testcase classname="testCases.TC003_LoginDDT" name="verify_login" time="11.238"/>
</testsuite> <!-- testCases.TC003_LoginDDT -->
